date: "2014-12-03 23:45:00.437"
argv: node /usr/local/bin/hexo deploy
os: Darwin 13.4.0 darwin x64
versions:
  http_parser: "1.0"
  node: 0.10.33
  v8: 3.14.5.9
  ares: 1.9.0-DEV
  uv: 0.10.29
  zlib: 1.2.3
  modules: "11"
  openssl: 1.0.1j
  hexo: 2.8.3
---
[debug] 23:45:00.055 Config file loaded from /_arch/_gitHub/_weAreThePlayMakers/projekt-kreatywa-blog/_config.yml[debug] 23:45:00.057 Version info checked successfully[debug] 23:45:00.073 Loading database.[debug] 23:45:00.109 Processed: draft.md (2ms)[debug] 23:45:00.109 Processed: page.md (1ms)[debug] 23:45:00.111 Processed: photo.md (3ms)[debug] 23:45:00.111 Processed: post.md (3ms)[debug] 23:45:00.130 Plugin loaded successfully: hexo-renderer-ejs[debug] 23:45:00.234 Plugin loaded successfully: hexo-renderer-jade[debug] 23:45:00.271 Plugin loaded successfully: hexo-renderer-less[debug] 23:45:00.284 Plugin loaded successfully: hexo-renderer-marked[debug] 23:45:00.411 Plugin loaded successfully: hexo-renderer-stylus[info] 23:45:00.412 Start deploying: github[info] 23:45:00.414 Clearing .deploy folder...[info] 23:45:00.418 Copying files from public folder...[error] 23:45:00.430 TypeError: Object init has no method 'replace'
TypeError: Object init has no method 'replace'
    at Object.exports.parse (/usr/local/lib/node_modules/hexo/node_modules/swig/lib/parser.js:437:19)
    at parse (/usr/local/lib/node_modules/hexo/node_modules/swig/lib/swig.js:343:19)
    at Object.precompile (/usr/local/lib/node_modules/hexo/node_modules/swig/lib/swig.js:473:23)
    at Object.compile (/usr/local/lib/node_modules/hexo/node_modules/swig/lib/swig.js:588:16)
    at exports.commitMessage (/usr/local/lib/node_modules/hexo/lib/plugins/deployer/util.js:17:15)
    at /usr/local/lib/node_modules/hexo/lib/plugins/deployer/github.js:114:26
    at /usr/local/lib/node_modules/hexo/node_modules/async/lib/async.js:610:21
    at /usr/local/lib/node_modules/hexo/node_modules/async/lib/async.js:249:17
    at iterate (/usr/local/lib/node_modules/hexo/node_modules/async/lib/async.js:149:13)
    at /usr/local/lib/node_modules/hexo/node_modules/async/lib/async.js:160:25
